Build started 1/29/2013 9:09:29 PM.
     1>Project "C:\Users\Ryan\Documents\Visual Studio 2010\Projects\Calculator\Calculator\Calculator.vcxproj" on node 2 (build target(s)).
     1>InitializeBuildStatus:
         Creating "Debug\Calculator.unsuccessfulbuild" because "AlwaysCreate" was specified.
       ClCompile:
         c:\Program Files (x86)\Microsoft Visual Studio 10.0\VC\bin\CL.exe /c /ZI /nologo /W3 /WX- /Od /Oy- /D WIN32 /D _DEBUG /D _CONSOLE /D _UNICODE /D UNICODE /Gm /EHsc /RTC1 /MDd /GS /fp:precise /Zc:wchar_t /Zc:forScope /Fo"Debug\\" /Fd"Debug\vc100.pdb" /Gd /TP /analyze- /errorReport:prompt Calculator.cpp
         Calculator.cpp
     1>c:\users\ryan\documents\visual studio 2010\projects\calculator\calculator\calculator.cpp(28): warning C4996: 'getch': The POSIX name for this item is deprecated. Instead, use the ISO C++ conformant name: _getch. See online help for details.
                 c:\program files (x86)\microsoft visual studio 10.0\vc\include\conio.h(128) : see declaration of 'getch'
     1>c:\users\ryan\documents\visual studio 2010\projects\calculator\calculator\calculator.cpp(113): warning C4996: 'getch': The POSIX name for this item is deprecated. Instead, use the ISO C++ conformant name: _getch. See online help for details.
                 c:\program files (x86)\microsoft visual studio 10.0\vc\include\conio.h(128) : see declaration of 'getch'
     1>c:\users\ryan\documents\visual studio 2010\projects\calculator\calculator\calculator.cpp(21): warning C4101: 'type' : unreferenced local variable
       ManifestResourceCompile:
         All outputs are up-to-date.
       Link:
         c:\Program Files (x86)\Microsoft Visual Studio 10.0\VC\bin\link.exe /ERRORREPORT:PROMPT /OUT:"C:\Users\Ryan\Documents\Visual Studio 2010\Projects\Calculator\Debug\Calculator.exe" /INCREMENTAL /NOLOGO kernel32.lib user32.lib gdi32.lib winspool.lib comdlg32.lib advapi32.lib shell32.lib ole32.lib oleaut32.lib uuid.lib odbc32.lib odbccp32.lib /MANIFEST /ManifestFile:"Debug\Calculator.exe.intermediate.manifest" /MANIFESTUAC:"level='asInvoker' uiAccess='false'" /DEBUG /PDB:"C:\Users\Ryan\Documents\Visual Studio 2010\Projects\Calculator\Debug\Calculator.pdb" /SUBSYSTEM:CONSOLE /TLBID:1 /DYNAMICBASE /NXCOMPAT /IMPLIB:"C:\Users\Ryan\Documents\Visual Studio 2010\Projects\Calculator\Debug\Calculator.lib" /MACHINE:X86 Debug\Calculator.exe.embed.manifest.res
         Debug\Calculator.obj
       Manifest:
         C:\Program Files (x86)\Microsoft SDKs\Windows\v7.0A\bin\mt.exe /nologo /verbose /out:"Debug\Calculator.exe.embed.manifest" /manifest Debug\Calculator.exe.intermediate.manifest
         All outputs are up-to-date.
       LinkEmbedManifest:
         All outputs are up-to-date.
         Calculator.vcxproj -> C:\Users\Ryan\Documents\Visual Studio 2010\Projects\Calculator\Debug\Calculator.exe
       FinalizeBuildStatus:
         Deleting file "Debug\Calculator.unsuccessfulbuild".
         Touching "Debug\Calculator.lastbuildstate".
     1>Done Building Project "C:\Users\Ryan\Documents\Visual Studio 2010\Projects\Calculator\Calculator\Calculator.vcxproj" (build target(s)).

Build succeeded.

Time Elapsed 00:00:02.09
